[11:05:43] [main/INFO]: Environment: authHost='https://authserver.mojang.com', accountsHost='https://api.mojang.com', sessionHost='https://sessionserver.mojang.com', name='PROD'
[11:05:44] [main/WARN]: Ambiguity between arguments [teleport, destination] and [teleport, targets] with inputs: [Player, 0123, @e, dd12be42-52a9-4a91-a8a1-11c01849e498]
[11:05:44] [main/WARN]: Ambiguity between arguments [teleport, location] and [teleport, destination] with inputs: [0.1 -0.5 .9, 0 0 0]
[11:05:44] [main/WARN]: Ambiguity between arguments [teleport, location] and [teleport, targets] with inputs: [0.1 -0.5 .9, 0 0 0]
[11:05:44] [main/WARN]: Ambiguity between arguments [teleport, targets] and [teleport, destination] with inputs: [Player, 0123, dd12be42-52a9-4a91-a8a1-11c01849e498]
[11:05:44] [main/WARN]: Ambiguity between arguments [teleport, targets, location] and [teleport, targets, destination] with inputs: [0.1 -0.5 .9, 0 0 0]
[11:05:44] [main/INFO]: Reloading ResourceManager: Default
[11:05:45] [Worker-Main-6/INFO]: Loaded 7 recipes
[11:05:46] [Worker-Main-6/INFO]: Loaded 927 advancements
[11:05:49] [Server thread/INFO]: Starting minecraft server version 1.16.1
[11:05:49] [Server thread/INFO]: Loading properties
[11:05:49] [Server thread/INFO]: Default game type: SURVIVAL
[11:05:49] [Server thread/INFO]: Generating keypair
[11:05:49] [Server console handler/ERROR]: Exception handling console input
java.io.IOException: Nieprawid³owe dojœcie
	at java.io.FileInputStream.readBytes(Native Method) ~[?:1.8.0_261]
	at java.io.FileInputStream.read(Unknown Source) ~[?:1.8.0_261]
	at java.io.BufferedInputStream.read1(Unknown Source) ~[?:1.8.0_261]
	at java.io.BufferedInputStream.read(Unknown Source) ~[?:1.8.0_261]
	at sun.nio.cs.StreamDecoder.readBytes(Unknown Source) ~[?:1.8.0_261]
	at sun.nio.cs.StreamDecoder.implRead(Unknown Source) ~[?:1.8.0_261]
	at sun.nio.cs.StreamDecoder.read(Unknown Source) ~[?:1.8.0_261]
	at java.io.InputStreamReader.read(Unknown Source) ~[?:1.8.0_261]
	at java.io.BufferedReader.fill(Unknown Source) ~[?:1.8.0_261]
	at java.io.BufferedReader.readLine(Unknown Source) ~[?:1.8.0_261]
	at java.io.BufferedReader.readLine(Unknown Source) ~[?:1.8.0_261]
	at yd$1.run(SourceFile:90) [server.jar:?]
[11:05:49] [Server thread/INFO]: Starting Minecraft server on 25.99.18.108:25565
[11:05:49] [Server thread/INFO]: Using default channel type
[11:06:00] [Server thread/WARN]: **** SERVER IS RUNNING IN OFFLINE/INSECURE MODE!
[11:06:00] [Server thread/WARN]: The server will make no attempt to authenticate usernames. Beware.
[11:06:00] [Server thread/WARN]: While this makes the game possible to play without internet access, it also opens up the ability for hackers to connect with any username they choose.
[11:06:00] [Server thread/WARN]: To change this, set "online-mode" to "true" in the server.properties file.
[11:06:00] [Server thread/INFO]: Preparing level "world"
[11:06:02] [Server thread/INFO]: Preparing start region for dimension minecraft:overworld
[11:06:04] [Server thread/INFO]: Preparing spawn area: 0%
[11:06:04] [Server thread/INFO]: Preparing spawn area: 0%
[11:06:04] [Server thread/INFO]: Preparing spawn area: 0%
[11:06:04] [Server thread/INFO]: Preparing spawn area: 0%
[11:06:04] [Server thread/INFO]: Preparing spawn area: 0%
[11:06:05] [Server thread/INFO]: Preparing spawn area: 47%
[11:06:16] [Server thread/INFO]: Time elapsed: 13961 ms
[11:06:16] [Server thread/INFO]: Done (16.101s)! For help, type "help"
[11:06:18] [Server thread/INFO]: redgato[/25.98.231.101:56465] logged in with entity id 471 at (-277.87459919609535, 59.0, -114.3587493762924)
[11:06:18] [Server thread/INFO]: redgato joined the game
[11:06:18] [Server thread/WARN]: Can't keep up! Is the server overloaded? Running 2132ms or 42 ticks behind
[11:06:30] [Server thread/INFO]: redgato lost connection: Disconnected
[11:06:30] [Server thread/INFO]: redgato left the game
[11:06:36] [Server thread/WARN]: Can't keep up! Is the server overloaded? Running 2898ms or 57 ticks behind
[11:06:40] [Server thread/INFO]: Domador[/25.99.18.108:50662] logged in with entity id 562 at (-632.3396028915656, 61.5, -553.6668211793184)
[11:06:40] [Server thread/INFO]: Domador joined the game
[11:07:21] [Server thread/INFO]: [Domador: Set own game mode to Creative Mode]
[11:15:35] [Server thread/INFO]: [Domador: Set own game mode to Survival Mode]
[11:33:54] [Server thread/INFO]: Domador lost connection: Disconnected
[11:33:54] [Server thread/INFO]: Domador left the game
[11:37:29] [Server thread/INFO]: Domador[/25.99.18.108:50746] logged in with entity id 3586 at (-628.5529036955171, 58.45695773367049, -546.7919298900009)
[11:37:29] [Server thread/INFO]: Domador joined the game
[12:18:49] [Server thread/WARN]: Fetching packet for removed entity bbg['Air'/8804, l='ServerLevel[world]', x=-242.07, y=69.00, z=-88.73]
[12:19:46] [Server thread/WARN]: Fetching packet for removed entity bbg['Air'/8934, l='ServerLevel[world]', x=-241.37, y=69.00, z=-85.83]
[12:20:38] [Server thread/WARN]: Fetching packet for removed entity bbg['Air'/9037, l='ServerLevel[world]', x=-238.36, y=69.00, z=-86.59]
[12:25:06] [Server thread/WARN]: Fetching packet for removed entity bbg['Air'/9509, l='ServerLevel[world]', x=-241.70, y=69.00, z=-88.23]
[12:26:56] [Server thread/WARN]: Fetching packet for removed entity bbg['Air'/9876, l='ServerLevel[world]', x=-237.65, y=69.00, z=-89.17]
[12:32:55] [Server thread/WARN]: Fetching packet for removed entity bbg['Air'/10641, l='ServerLevel[world]', x=-241.11, y=69.00, z=-87.99]
[12:33:01] [Server thread/WARN]: Fetching packet for removed entity bbg['Air'/10651, l='ServerLevel[world]', x=-237.42, y=69.00, z=-86.99]
[12:33:49] [Server thread/WARN]: Fetching packet for removed entity bbg['Air'/10744, l='ServerLevel[world]', x=-240.48, y=69.00, z=-87.64]
[12:39:06] [Server thread/WARN]: Fetching packet for removed entity bbg['Air'/11264, l='ServerLevel[world]', x=-237.65, y=69.00, z=-88.68]
[13:22:36] [Server thread/WARN]: Fetching packet for removed entity bbg['Air'/15070, l='ServerLevel[world]', x=-642.17, y=57.00, z=-544.23]
[13:34:35] [Server thread/WARN]: Fetching packet for removed entity bbg['Air'/15653, l='ServerLevel[world]', x=-638.70, y=57.00, z=-541.70]
[13:37:11] [Server thread/WARN]: Can't keep up! Is the server overloaded? Running 2014ms or 40 ticks behind
[13:45:22] [Server thread/WARN]: Fetching packet for removed entity bbg['Air'/18116, l='ServerLevel[world]', x=-241.31, y=69.00, z=-88.83]
[13:54:08] [Server thread/INFO]: Domador lost connection: Disconnected
[13:54:08] [Server thread/INFO]: Domador left the game
[13:54:59] [Server thread/INFO]: Stopping server
[13:54:59] [Server thread/INFO]: Saving players
[13:54:59] [Server thread/INFO]: Saving worlds
[13:54:59] [Server thread/INFO]: Saving chunks for level 'ServerLevel[world]'/minecraft:overworld
[13:55:01] [Server thread/INFO]: ThreadedAnvilChunkStorage (world): All chunks are saved
[13:55:01] [Server thread/INFO]: Saving chunks for level 'ServerLevel[world]'/minecraft:the_nether
[13:55:01] [Server thread/INFO]: ThreadedAnvilChunkStorage (DIM-1): All chunks are saved
[13:55:01] [Server thread/INFO]: Saving chunks for level 'ServerLevel[world]'/minecraft:the_end
[13:55:01] [Server thread/INFO]: ThreadedAnvilChunkStorage (DIM1): All chunks are saved
[13:55:01] [Server thread/INFO]: ThreadedAnvilChunkStorage (world): All chunks are saved
[13:55:01] [Server thread/INFO]: ThreadedAnvilChunkStorage (DIM-1): All chunks are saved
[13:55:01] [Server thread/INFO]: ThreadedAnvilChunkStorage (DIM1): All chunks are saved
